###############################################################################
#
# IAR C/C++ Compiler V10.40.1.7397 for 8051               01/May/2021  14:39:31
# Copyright 2004-2021 IAR Systems AB.
#
#    Core               =  plain
#    Code model         =  banked
#    Data model         =  large
#    Calling convention =  xdata reentrant
#    Constant location  =  data_rom
#    Dptr setup         =  1,16
#                          
#    Source file        =  
#        E:\Texas Instruments\Z-Stack 3.0.2\Components\mac\high_level\mac_cfg.c
#    Command line       =  
#        -f C:\Users\asus\AppData\Local\Temp\EWB78B.tmp ("E:\Texas
#        Instruments\Z-Stack 3.0.2\Components\mac\high_level\mac_cfg.c" -D
#        BDB_FINDING_BINDING_CAPABILITY_ENABLED=0 -D HAL_UART_DMA_RX_MAX=128 -D
#        MAXMEMHEAP=2765 -D TC_LINKKEY_JOIN -D NWK_MAX_DEVICE_LIST=10 -D
#        ZDSECMGR_TC_DEVICE_MAX=30 -D DISABLE_GREENPOWER_BASIC_PROXY -D
#        POWER_SAVING -D FEATURE_SYSTEM_STATS -D MT_GP_CB_FUNC -lC "E:\Texas
#        Instruments\Z-Stack
#        3.0.2\Projects\zstack\ZNP\CC253x\CC2530-Debug\List" -lA "E:\Texas
#        Instruments\Z-Stack
#        3.0.2\Projects\zstack\ZNP\CC253x\CC2530-Debug\List" --diag_suppress
#        Pe001,Pa010 -o "E:\Texas Instruments\Z-Stack
#        3.0.2\Projects\zstack\ZNP\CC253x\CC2530-Debug\Obj" -e --debug
#        --core=plain --dptr=16,1 --data_model=large --code_model=banked
#        --calling_convention=xdata_reentrant --place_constants=data_rom
#        --nr_virtual_regs 16 -f "E:\Texas Instruments\Z-Stack
#        3.0.2\Projects\zstack\ZNP\CC253x\..\Source\znp.cfg"
#        (-DMAC_CFG_APP_PENDING_QUEUE=TRUE
#        "-DZSTACK_DEVICE_BUILD=(DEVICE_BUILD_COORDINATOR | DEVICE_BUILD_ROUTER
#        | DEVICE_BUILD_ENDDEVICE)" -DNWK_AUTO_POLL -DZNP_RUN_WDOG=FALSE
#        -DZNP_UART_BAUD=HAL_UART_BR_115200 -DZIGBEEPRO -DZIGBEE_FRAGMENTATION
#        -DINTER_PAN -DOSAL_CLOCK -DOSAL_SAPI=FALSE -DSAPI_CB_FUNC=FALSE
#        -DHOLD_AUTO_START -DNV_RESTORE -DNV_INIT -DNUM_DISC_ATTEMPTS=0
#        -DMT_UTIL_FUNC -DMT_SYS_FUNC -DMT_AF_FUNC -DMT_SAPI_FUNC
#        -DMT_SAPI_CB_FUNC -DMT_ZDO_CB_FUNC -DMT_ZDO_FUNC -DMT_ZDO_MGMT
#        -DMT_ZDO_EXTENSIONS -DMT_GP_CB_FUNC -DMT_APP_FUNC -DMT_APP_CNF_FUNC)
#        -f "E:\Texas Instruments\Z-Stack
#        3.0.2\Projects\zstack\ZNP\CC253x\..\..\Tools\CC2530DB\f8wConfig.cfg"
#        (-DZIGBEEPRO -DSECURE=1 -DZG_SECURE_DYNAMIC=0 -DREFLECTOR
#        -DDEFAULT_CHANLIST=0x00000800 -DZDAPP_CONFIG_PAN_ID=0xFFFF
#        -DNWK_START_DELAY=100 -DEXTENDED_JOINING_RANDOM_MASK=0x007F
#        -DBEACON_REQUEST_DELAY=100 -DBEACON_REQ_DELAY_MASK=0x00FF
#        -DLINK_STATUS_JITTER_MASK=0x007F -DROUTE_EXPIRY_TIME=30
#        -DAPSC_ACK_WAIT_DURATION_POLLED=3000 -DNWK_INDIRECT_MSG_TIMEOUT=7
#        -DMAX_RREQ_ENTRIES=8 -DAPSC_MAX_FRAME_RETRIES=3
#        -DNWK_MAX_DATA_RETRIES=2 -DMAX_POLL_FAILURE_RETRIES=2 -DMAX_BCAST=9
#        -DAPS_MAX_GROUPS=16 -DMAX_RTG_ENTRIES=40 -DNWK_MAX_BINDING_ENTRIES=4
#        -DMAX_BINDING_CLUSTER_IDS=4 -DDEFAULT_KEY={0} -DMAC_MAX_FRAME_SIZE=116
#        -DZDNWKMGR_MIN_TRANSMISSIONS=20 "-DCONST=const __code"
#        -DGENERIC=__generic -DRFD_RCVC_ALWAYS_ON=FALSE -DPOLL_RATE=1000
#        -DQUEUED_POLL_RATE=100 -DRESPONSE_POLL_RATE=100 -DREJOIN_POLL_RATE=440
#        -DREJOIN_BACKOFF=900000 -DREJOIN_SCAN=900000 -DENABLE_LED4_DISABLE_S1)
#        -f "E:\Texas Instruments\Z-Stack
#        3.0.2\Projects\zstack\ZNP\CC253x\..\..\Tools\CC2530DB\f8wZCL.cfg" -I
#        "E:\Texas Instruments\Z-Stack 3.0.2\Projects\zstack\ZNP\CC253x\" -I
#        "E:\Texas Instruments\Z-Stack
#        3.0.2\Projects\zstack\ZNP\CC253x\Source\" -I "E:\Texas
#        Instruments\Z-Stack 3.0.2\Projects\zstack\ZNP\CC253x\..\Source\" -I
#        "E:\Texas Instruments\Z-Stack
#        3.0.2\Projects\zstack\ZNP\CC253x\..\..\SE\Source\" -I "E:\Texas
#        Instruments\Z-Stack
#        3.0.2\Projects\zstack\ZNP\CC253x\..\..\ZMain\TI2530ZNP\" -I "E:\Texas
#        Instruments\Z-Stack
#        3.0.2\Projects\zstack\ZNP\CC253x\..\..\..\..\Components\hal\include\"
#        -I "E:\Texas Instruments\Z-Stack
#        3.0.2\Projects\zstack\ZNP\CC253x\..\..\..\..\Components\hal\target\CC2530ZNP\"
#        -I "E:\Texas Instruments\Z-Stack
#        3.0.2\Projects\zstack\ZNP\CC253x\..\..\..\..\Components\mac\include\"
#        -I "E:\Texas Instruments\Z-Stack
#        3.0.2\Projects\zstack\ZNP\CC253x\..\..\..\..\Components\mac\high_level\"
#        -I "E:\Texas Instruments\Z-Stack
#        3.0.2\Projects\zstack\ZNP\CC253x\..\..\..\..\Components\mac\low_level\srf04\"
#        -I "E:\Texas Instruments\Z-Stack
#        3.0.2\Projects\zstack\ZNP\CC253x\..\..\..\..\Components\mac\low_level\srf04\single_chip\"
#        -I "E:\Texas Instruments\Z-Stack
#        3.0.2\Projects\zstack\ZNP\CC253x\..\..\..\..\Components\mt\" -I
#        "E:\Texas Instruments\Z-Stack
#        3.0.2\Projects\zstack\ZNP\CC253x\..\..\..\..\Components\osal\include\"
#        -I "E:\Texas Instruments\Z-Stack
#        3.0.2\Projects\zstack\ZNP\CC253x\..\..\..\..\Components\services\ecc\binary163\"
#        -I "E:\Texas Instruments\Z-Stack
#        3.0.2\Projects\zstack\ZNP\CC253x\..\..\..\..\Components\services\ecc\binary283\"
#        -I "E:\Texas Instruments\Z-Stack
#        3.0.2\Projects\zstack\ZNP\CC253x\..\..\..\..\Components\services\saddr\"
#        -I "E:\Texas Instruments\Z-Stack
#        3.0.2\Projects\zstack\ZNP\CC253x\..\..\..\..\Components\services\sdata\"
#        -I "E:\Texas Instruments\Z-Stack
#        3.0.2\Projects\zstack\ZNP\CC253x\..\..\..\..\Components\stack\af\" -I
#        "E:\Texas Instruments\Z-Stack
#        3.0.2\Projects\zstack\ZNP\CC253x\..\..\..\..\Components\stack\gp\" -I
#        "E:\Texas Instruments\Z-Stack
#        3.0.2\Projects\zstack\ZNP\CC253x\..\..\..\..\Components\stack\bdb\" -I
#        "E:\Texas Instruments\Z-Stack
#        3.0.2\Projects\zstack\ZNP\CC253x\..\..\..\..\Components\stack\nwk\" -I
#        "E:\Texas Instruments\Z-Stack
#        3.0.2\Projects\zstack\ZNP\CC253x\..\..\..\..\Components\stack\sapi\"
#        -I "E:\Texas Instruments\Z-Stack
#        3.0.2\Projects\zstack\ZNP\CC253x\..\..\..\..\Components\stack\sec\" -I
#        "E:\Texas Instruments\Z-Stack
#        3.0.2\Projects\zstack\ZNP\CC253x\..\..\..\..\Components\stack\sys\" -I
#        "E:\Texas Instruments\Z-Stack
#        3.0.2\Projects\zstack\ZNP\CC253x\..\..\..\..\Components\stack\zcl\" -I
#        "E:\Texas Instruments\Z-Stack
#        3.0.2\Projects\zstack\ZNP\CC253x\..\..\..\..\Components\stack\zdo\" -I
#        "E:\Texas Instruments\Z-Stack
#        3.0.2\Projects\zstack\ZNP\CC253x\..\..\..\..\Components\zmac\" -I
#        "E:\Texas Instruments\Z-Stack
#        3.0.2\Projects\zstack\ZNP\CC253x\..\..\..\..\Components\zmac\f8w\"
#        -Ohz --require_prototypes --no_code_motion)
#    Locale             =  English_USA.1252
#    List file          =  
#        E:\Texas Instruments\Z-Stack
#        3.0.2\Projects\zstack\ZNP\CC253x\CC2530-Debug\List\mac_cfg.lst
#    Object file        =  
#        E:\Texas Instruments\Z-Stack
#        3.0.2\Projects\zstack\ZNP\CC253x\CC2530-Debug\Obj\mac_cfg.r51
#
###############################################################################

E:\Texas Instruments\Z-Stack 3.0.2\Components\mac\high_level\mac_cfg.c
      1          /**************************************************************************************************
      2            Filename:       mac_cfg.c
      3            Revised:        $Date: 2014-05-09 18:50:29 -0700 (Fri, 09 May 2014) $
      4            Revision:       $Revision: 38492 $
      5          
      6            Description:    Compile-time parameters which are configurable by the user.
      7          
      8          
      9            Copyright 2005-2007 Texas Instruments Incorporated. All rights reserved.
     10          
     11            IMPORTANT: Your use of this Software is limited to those specific rights
     12            granted under the terms of a software license agreement between the user
     13            who downloaded the software, his/her employer (which must be your employer)
     14            and Texas Instruments Incorporated (the "License").  You may not use this
     15            Software unless you agree to abide by the terms of the License. The License
     16            limits your use, and you acknowledge, that the Software may not be modified,
     17            copied or distributed unless embedded on a Texas Instruments microcontroller
     18            or used solely and exclusively in conjunction with a Texas Instruments radio
     19            frequency transceiver, which is integrated into your product.  Other than for
     20            the foregoing purpose, you may not use, reproduce, copy, prepare derivative
     21            works of, modify, distribute, perform, display or sell this Software and/or
     22            its documentation for any purpose.
     23          
     24            YOU FURTHER ACKNOWLEDGE AND AGREE THAT THE SOFTWARE AND DOCUMENTATION ARE
     25            PROVIDED “AS IS” WITHOUT WARRANTY OF ANY KIND, EITHER EXPRESS OR IMPLIED, 
     26            INCLUDING WITHOUT LIMITATION, ANY WARRANTY OF MERCHANTABILITY, TITLE, 
     27            NON-INFRINGEMENT AND FITNESS FOR A PARTICULAR PURPOSE. IN NO EVENT SHALL
     28            TEXAS INSTRUMENTS OR ITS LICENSORS BE LIABLE OR OBLIGATED UNDER CONTRACT,
     29            NEGLIGENCE, STRICT LIABILITY, CONTRIBUTION, BREACH OF WARRANTY, OR OTHER
     30            LEGAL EQUITABLE THEORY ANY DIRECT OR INDIRECT DAMAGES OR EXPENSES
     31            INCLUDING BUT NOT LIMITED TO ANY INCIDENTAL, SPECIAL, INDIRECT, PUNITIVE
     32            OR CONSEQUENTIAL DAMAGES, LOST PROFITS OR LOST DATA, COST OF PROCUREMENT
     33            OF SUBSTITUTE GOODS, TECHNOLOGY, SERVICES, OR ANY CLAIMS BY THIRD PARTIES
     34            (INCLUDING BUT NOT LIMITED TO ANY DEFENSE THEREOF), OR OTHER SIMILAR COSTS.
     35          
     36            Should you have any questions regarding your right to use this Software,
     37            contact Texas Instruments Incorporated at www.TI.com. 
     38          **************************************************************************************************/
     39          
     40          /* ------------------------------------------------------------------------------------------------
     41           *                                          Includes
     42           * ------------------------------------------------------------------------------------------------
     43           */
     44          #include "mac_api.h"
     45          #include "mac_security_pib.h"
     46          
     47          /* ------------------------------------------------------------------------------------------------
     48           *                                           Constants
     49           * ------------------------------------------------------------------------------------------------
     50           */
     51          
     52          /* maximum number of data frames in transmit queue */
     53          #ifndef MAC_CFG_TX_DATA_MAX
     54          #define MAC_CFG_TX_DATA_MAX         2
     55          #endif
     56          
     57          /* maximum number of frames of all types in transmit queue */
     58          #ifndef MAC_CFG_TX_MAX
     59          #define MAC_CFG_TX_MAX              5
     60          #endif
     61          
     62          /* maximum number of frames in receive queue */
     63          #ifndef MAC_CFG_RX_MAX
     64          #define MAC_CFG_RX_MAX              2
     65          #endif
     66          
     67          /* allocate additional bytes in the data indication for application-defined headers */
     68          #ifndef MAC_CFG_DATA_IND_OFFSET
     69          #define MAC_CFG_DATA_IND_OFFSET     0
     70          #endif
     71          
     72          /* determine whether MAC_MLME_POLL_IND will be sent to the application */
     73          #ifndef MAC_CFG_APP_PENDING_QUEUE
     74          #define MAC_CFG_APP_PENDING_QUEUE   FALSE
     75          #endif
     76          
     77          /* ------------------------------------------------------------------------------------------------
     78           *                                           Global Variables
     79           * ------------------------------------------------------------------------------------------------
     80           */
     81          
     82          /* configurable parameters */

   \                                 In  segment XDATA_ROM_C, align 1
     83          const macCfg_t macCfg =
   \                     macCfg:
   \   000000   02           DB 2
   \   000001   05           DB 5
   \   000002   02           DB 2
   \   000003   00           DB 0
   \   000004   08           DB 8
   \   000005   01           DB 1
   \   000006   74           DB 116
     84          {
     85            MAC_CFG_TX_DATA_MAX,
     86            MAC_CFG_TX_MAX,
     87            MAC_CFG_RX_MAX,
     88            MAC_CFG_DATA_IND_OFFSET,
     89            MAX_DEVICE_TABLE_ENTRIES,
     90            MAC_CFG_APP_PENDING_QUEUE,
     91            MAC_MAX_FRAME_SIZE
     92          };


   Segment part sizes:

   Bytes  Function/Label
   -----  --------------
       7  macCfg

 
 7 bytes in segment XDATA_ROM_C
 
 7 bytes of CONST memory

Errors: none
Warnings: none
